17:23:41.660 [main] INFO  testCases.TC001_AccountResgistrationTest - **** Starting TC001_AccountResgistrationTest *****
17:23:42.660 [main] INFO  testCases.TC001_AccountResgistrationTest - Clicked on myAccount link....
17:23:45.071 [main] INFO  testCases.TC001_AccountResgistrationTest - Clicked on Register link....
17:23:45.074 [main] INFO  testCases.TC001_AccountResgistrationTest - Providing customer details....
17:23:48.882 [main] INFO  testCases.TC001_AccountResgistrationTest - Form submitted.....
17:23:48.945 [main] INFO  testCases.TC001_AccountResgistrationTest - Received confirmation message....
17:23:48.948 [main] INFO  testCases.TC001_AccountResgistrationTest - Test case Validated.....
17:23:48.948 [main] INFO  testCases.TC001_AccountResgistrationTest - **** Ending of TC001_AccountResgistrationTest *****
17:24:40.346 [main] INFO  testCases.TC001_AccountResgistrationTest - **** Starting TC001_AccountResgistrationTest *****
17:24:41.086 [main] INFO  testCases.TC001_AccountResgistrationTest - Clicked on myAccount link....
17:24:43.860 [main] INFO  testCases.TC001_AccountResgistrationTest - Clicked on Register link....
17:24:43.863 [main] INFO  testCases.TC001_AccountResgistrationTest - Providing customer details....
17:24:46.951 [main] INFO  testCases.TC001_AccountResgistrationTest - Form submitted.....
17:24:47.021 [main] ERROR testCases.TC001_AccountResgistrationTest - Test failed....
17:26:25.515 [main] INFO  testCases.TC001_AccountResgistrationTest - **** Starting TC001_AccountResgistrationTest *****
17:26:26.569 [main] INFO  testCases.TC001_AccountResgistrationTest - Clicked on myAccount link....
17:26:28.615 [main] INFO  testCases.TC001_AccountResgistrationTest - Clicked on Register link....
17:26:28.617 [main] INFO  testCases.TC001_AccountResgistrationTest - Providing customer details....
17:26:32.848 [main] INFO  testCases.TC001_AccountResgistrationTest - Form submitted.....
17:26:32.972 [main] ERROR testCases.TC001_AccountResgistrationTest - Test failed....
17:26:32.972 [main] DEBUG testCases.TC001_AccountResgistrationTest - Debug Logs...
17:29:16.580 [main] INFO  testCases.TC001_AccountResgistrationTest - **** Starting TC001_AccountResgistrationTest *****
17:29:17.693 [main] INFO  testCases.TC001_AccountResgistrationTest - Clicked on myAccount link....
17:29:20.128 [main] INFO  testCases.TC001_AccountResgistrationTest - Clicked on Register link....
17:29:20.133 [main] INFO  testCases.TC001_AccountResgistrationTest - Providing customer details....
17:29:23.859 [main] INFO  testCases.TC001_AccountResgistrationTest - Form submitted.....
17:29:23.940 [main] INFO  testCases.TC001_AccountResgistrationTest - Received confirmation message....
17:29:23.944 [main] INFO  testCases.TC001_AccountResgistrationTest - Test case Validated.....
17:29:23.945 [main] INFO  testCases.TC001_AccountResgistrationTest - **** Ending of TC001_AccountResgistrationTest *****
17:31:04.432 [main] INFO  testCases.TC001_AccountResgistrationTest - **** Starting TC001_AccountResgistrationTest *****
17:31:05.595 [main] INFO  testCases.TC001_AccountResgistrationTest - Clicked on myAccount link....
17:31:07.851 [main] INFO  testCases.TC001_AccountResgistrationTest - Clicked on Register link....
17:31:07.855 [main] INFO  testCases.TC001_AccountResgistrationTest - Providing customer details....
17:31:11.024 [main] INFO  testCases.TC001_AccountResgistrationTest - Form submitted.....
17:31:11.085 [main] INFO  testCases.TC001_AccountResgistrationTest - Received confirmation message....
17:31:11.088 [main] INFO  testCases.TC001_AccountResgistrationTest - Test case Validated.....
17:31:11.089 [main] INFO  testCases.TC001_AccountResgistrationTest - **** Ending of TC001_AccountResgistrationTest *****
17:32:00.107 [main] INFO  testCases.TC001_AccountResgistrationTest - **** Starting TC001_AccountResgistrationTest *****
17:32:01.211 [main] INFO  testCases.TC001_AccountResgistrationTest - Clicked on myAccount link....
17:32:03.151 [main] INFO  testCases.TC001_AccountResgistrationTest - Clicked on Register link....
17:32:03.155 [main] INFO  testCases.TC001_AccountResgistrationTest - Providing customer details....
17:32:06.295 [main] INFO  testCases.TC001_AccountResgistrationTest - Form submitted.....
17:32:06.412 [main] INFO  testCases.TC001_AccountResgistrationTest - Received confirmation message....
17:32:06.418 [main] INFO  testCases.TC001_AccountResgistrationTest - Test case Validated.....
17:32:06.419 [main] INFO  testCases.TC001_AccountResgistrationTest - **** Ending of TC001_AccountResgistrationTest *****
17:47:34.791 [main] INFO  testCases.TC001_AccountResgistrationTest - **** Starting TC001_AccountResgistrationTest *****
17:47:35.913 [main] INFO  testCases.TC001_AccountResgistrationTest - Clicked on myAccount link....
17:47:38.744 [main] INFO  testCases.TC001_AccountResgistrationTest - Clicked on Register link....
17:47:38.748 [main] INFO  testCases.TC001_AccountResgistrationTest - Providing customer details....
17:47:43.237 [main] INFO  testCases.TC001_AccountResgistrationTest - Form submitted.....
17:47:43.300 [main] INFO  testCases.TC001_AccountResgistrationTest - Received confirmation message....
17:47:43.302 [main] INFO  testCases.TC001_AccountResgistrationTest - Test case Validated.....
17:47:43.302 [main] INFO  testCases.TC001_AccountResgistrationTest - **** Ending of TC001_AccountResgistrationTest *****
17:48:16.061 [main] INFO  testCases.TC001_AccountResgistrationTest - Invalid Browser....
17:48:16.078 [main] INFO  testCases.TC001_AccountResgistrationTest - **** Starting TC001_AccountResgistrationTest *****
17:56:40.130 [main] INFO  testCases.TC001_AccountResgistrationTest - **** Starting TC001_AccountResgistrationTest *****
17:56:41.169 [main] INFO  testCases.TC001_AccountResgistrationTest - Clicked on myAccount link....
17:56:43.335 [main] INFO  testCases.TC001_AccountResgistrationTest - Clicked on Register link....
17:56:43.340 [main] INFO  testCases.TC001_AccountResgistrationTest - Providing customer details....
17:56:46.578 [main] INFO  testCases.TC001_AccountResgistrationTest - Form submitted.....
17:56:46.630 [main] INFO  testCases.TC001_AccountResgistrationTest - Received confirmation message....
17:56:46.631 [main] INFO  testCases.TC001_AccountResgistrationTest - Test case Validated.....
17:56:46.632 [main] INFO  testCases.TC001_AccountResgistrationTest - **** Ending of TC001_AccountResgistrationTest *****
17:59:44.747 [main] INFO  testCases.TC001_AccountResgistrationTest - **** Starting TC001_AccountResgistrationTest *****
17:59:45.931 [main] INFO  testCases.TC001_AccountResgistrationTest - Clicked on myAccount link....
17:59:48.504 [main] INFO  testCases.TC001_AccountResgistrationTest - Clicked on Register link....
17:59:48.511 [main] INFO  testCases.TC001_AccountResgistrationTest - Providing customer details....
17:59:51.909 [main] INFO  testCases.TC001_AccountResgistrationTest - Form submitted.....
17:59:51.974 [main] INFO  testCases.TC001_AccountResgistrationTest - Received confirmation message....
17:59:51.976 [main] INFO  testCases.TC001_AccountResgistrationTest - Test case Validated.....
17:59:51.976 [main] INFO  testCases.TC001_AccountResgistrationTest - **** Ending of TC001_AccountResgistrationTest *****
18:04:49.620 [main] INFO  testCases.TC001_AccountResgistrationTest - **** Starting TC001_AccountResgistrationTest *****
18:04:50.688 [main] INFO  testCases.TC001_AccountResgistrationTest - Clicked on myAccount link....
18:04:53.463 [main] INFO  testCases.TC001_AccountResgistrationTest - Clicked on Register link....
18:04:53.468 [main] INFO  testCases.TC001_AccountResgistrationTest - Providing customer details....
18:04:57.236 [main] INFO  testCases.TC001_AccountResgistrationTest - Form submitted.....
18:04:57.328 [main] INFO  testCases.TC001_AccountResgistrationTest - Received confirmation message....
18:04:57.332 [main] INFO  testCases.TC001_AccountResgistrationTest - Test case Validated.....
18:04:57.333 [main] INFO  testCases.TC001_AccountResgistrationTest - **** Ending of TC001_AccountResgistrationTest *****
18:06:22.838 [main] INFO  testCases.TC001_AccountResgistrationTest - **** Starting TC001_AccountResgistrationTest *****
18:06:23.349 [main] INFO  testCases.TC001_AccountResgistrationTest - Clicked on myAccount link....
18:06:25.437 [main] INFO  testCases.TC001_AccountResgistrationTest - Clicked on Register link....
18:06:25.444 [main] INFO  testCases.TC001_AccountResgistrationTest - Providing customer details....
18:06:28.653 [main] INFO  testCases.TC001_AccountResgistrationTest - Form submitted.....
18:06:28.680 [main] INFO  testCases.TC001_AccountResgistrationTest - Received confirmation message....
18:06:28.681 [main] INFO  testCases.TC001_AccountResgistrationTest - Test case Validated.....
18:06:28.681 [main] INFO  testCases.TC001_AccountResgistrationTest - **** Ending of TC001_AccountResgistrationTest *****
18:07:56.812 [TestNG-tests-1] INFO  testCases.TC001_AccountResgistrationTest - **** Starting TC001_AccountResgistrationTest *****
18:07:57.747 [TestNG-tests-2] INFO  testCases.TC001_AccountResgistrationTest - **** Starting TC001_AccountResgistrationTest *****
18:07:58.828 [TestNG-tests-1] INFO  testCases.TC001_AccountResgistrationTest - Clicked on myAccount link....
18:07:58.862 [TestNG-tests-2] INFO  testCases.TC001_AccountResgistrationTest - Clicked on myAccount link....
18:08:02.201 [TestNG-tests-2] INFO  testCases.TC001_AccountResgistrationTest - Clicked on Register link....
18:08:02.239 [TestNG-tests-2] INFO  testCases.TC001_AccountResgistrationTest - Providing customer details....
18:08:03.142 [TestNG-tests-1] INFO  testCases.TC001_AccountResgistrationTest - Clicked on Register link....
18:08:03.156 [TestNG-tests-1] INFO  testCases.TC001_AccountResgistrationTest - Providing customer details....
18:08:07.145 [TestNG-tests-2] INFO  testCases.TC001_AccountResgistrationTest - Form submitted.....
18:08:07.243 [TestNG-tests-2] INFO  testCases.TC001_AccountResgistrationTest - Received confirmation message....
18:08:07.254 [TestNG-tests-2] INFO  testCases.TC001_AccountResgistrationTest - Test case Validated.....
18:08:07.254 [TestNG-tests-2] INFO  testCases.TC001_AccountResgistrationTest - **** Ending of TC001_AccountResgistrationTest *****
18:08:08.836 [TestNG-tests-1] INFO  testCases.TC001_AccountResgistrationTest - Form submitted.....
18:08:08.937 [TestNG-tests-1] INFO  testCases.TC001_AccountResgistrationTest - Received confirmation message....
18:08:08.937 [TestNG-tests-1] INFO  testCases.TC001_AccountResgistrationTest - Test case Validated.....
18:08:08.937 [TestNG-tests-1] INFO  testCases.TC001_AccountResgistrationTest - **** Ending of TC001_AccountResgistrationTest *****
18:24:45.125 [TestNG-tests-1] INFO  testCases.TC001_AccountResgistrationTest - **** Starting TC001_AccountResgistrationTest *****
18:24:45.335 [TestNG-tests-2] INFO  testCases.TC001_AccountResgistrationTest - **** Starting TC001_AccountResgistrationTest *****
18:24:46.310 [TestNG-tests-2] INFO  testCases.TC001_AccountResgistrationTest - Clicked on myAccount link....
18:24:47.604 [TestNG-tests-1] INFO  testCases.TC001_AccountResgistrationTest - Clicked on myAccount link....
18:24:49.433 [TestNG-tests-2] INFO  testCases.TC001_AccountResgistrationTest - Clicked on Register link....
18:24:49.448 [TestNG-tests-2] INFO  testCases.TC001_AccountResgistrationTest - Providing customer details....
18:24:52.104 [TestNG-tests-1] INFO  testCases.TC001_AccountResgistrationTest - Clicked on Register link....
18:24:52.125 [TestNG-tests-1] INFO  testCases.TC001_AccountResgistrationTest - Providing customer details....
18:24:56.861 [TestNG-tests-2] INFO  testCases.TC001_AccountResgistrationTest - Form submitted.....
18:24:56.943 [TestNG-tests-2] INFO  testCases.TC001_AccountResgistrationTest - Received confirmation message....
18:24:56.959 [TestNG-tests-2] INFO  testCases.TC001_AccountResgistrationTest - Test case Validated.....
18:24:56.960 [TestNG-tests-2] INFO  testCases.TC001_AccountResgistrationTest - **** Ending of TC001_AccountResgistrationTest *****
18:24:57.201 [TestNG-tests-1] INFO  testCases.TC001_AccountResgistrationTest - Form submitted.....
18:24:57.442 [TestNG-tests-1] INFO  testCases.TC001_AccountResgistrationTest - Received confirmation message....
18:24:57.442 [TestNG-tests-1] INFO  testCases.TC001_AccountResgistrationTest - Test case Validated.....
18:24:57.443 [TestNG-tests-1] INFO  testCases.TC001_AccountResgistrationTest - **** Ending of TC001_AccountResgistrationTest *****
19:32:30.925 [main] INFO  testCases.TC002_LoginTest - ******Test TC002_LoginTest began ******
19:32:31.897 [main] INFO  testCases.TC002_LoginTest - clicked on MyAccount.....
19:32:33.115 [main] INFO  testCases.TC002_LoginTest - cliked on login.....
19:32:33.118 [main] INFO  testCases.TC002_LoginTest - passing login credentials.....
19:32:35.607 [main] INFO  testCases.TC002_LoginTest - clicked login button.....
19:32:35.675 [main] INFO  testCases.TC002_LoginTest - Validating Test....
19:32:35.678 [main] INFO  testCases.TC002_LoginTest - Test Passed.....
19:32:35.679 [main] INFO  testCases.TC002_LoginTest - ***** Test TC002_LoginTest Completed ******* 
19:34:13.585 [main] INFO  testCases.TC001_AccountResgistrationTest - **** Starting TC001_AccountResgistrationTest *****
19:34:14.738 [main] INFO  testCases.TC001_AccountResgistrationTest - Clicked on myAccount link....
19:34:17.290 [main] INFO  testCases.TC001_AccountResgistrationTest - Clicked on Register link....
19:34:17.292 [main] INFO  testCases.TC001_AccountResgistrationTest - Providing customer details....
19:34:21.032 [main] INFO  testCases.TC001_AccountResgistrationTest - Form submitted.....
19:34:21.151 [main] INFO  testCases.TC001_AccountResgistrationTest - Received confirmation message....
19:34:21.153 [main] INFO  testCases.TC001_AccountResgistrationTest - Test case Validated.....
19:34:21.153 [main] INFO  testCases.TC001_AccountResgistrationTest - **** Ending of TC001_AccountResgistrationTest *****
19:34:33.939 [main] INFO  testCases.TC002_LoginTest - ******Test TC002_LoginTest began ******
19:34:35.047 [main] INFO  testCases.TC002_LoginTest - clicked on MyAccount.....
19:34:35.961 [main] INFO  testCases.TC002_LoginTest - clicked on login.....
19:34:35.967 [main] INFO  testCases.TC002_LoginTest - passing login credentials.....
19:34:38.311 [main] INFO  testCases.TC002_LoginTest - clicked login button.....
19:34:38.399 [main] INFO  testCases.TC002_LoginTest - Validating Test....
19:34:38.403 [main] INFO  testCases.TC002_LoginTest - Test Passed.....
19:34:38.403 [main] INFO  testCases.TC002_LoginTest - ***** Test TC002_LoginTest Completed ******* 
19:54:31.933 [main] INFO  testCases.TC001_AccountResgistrationTest - **** Starting TC001_AccountResgistrationTest *****
19:54:33.090 [main] INFO  testCases.TC001_AccountResgistrationTest - Clicked on myAccount link....
19:54:36.214 [main] INFO  testCases.TC001_AccountResgistrationTest - Clicked on Register link....
19:54:36.218 [main] INFO  testCases.TC001_AccountResgistrationTest - Providing customer details....
19:54:39.803 [main] INFO  testCases.TC001_AccountResgistrationTest - Form submitted.....
19:54:39.869 [main] INFO  testCases.TC001_AccountResgistrationTest - Received confirmation message....
19:54:39.871 [main] INFO  testCases.TC001_AccountResgistrationTest - Test case Validated.....
19:54:39.871 [main] INFO  testCases.TC001_AccountResgistrationTest - **** Ending of TC001_AccountResgistrationTest *****
19:54:55.455 [main] INFO  testCases.TC002_LoginTest - ******Test TC002_LoginTest began ******
19:54:56.456 [main] INFO  testCases.TC002_LoginTest - clicked on MyAccount.....
19:54:57.456 [main] INFO  testCases.TC002_LoginTest - clicked on login.....
19:54:57.462 [main] INFO  testCases.TC002_LoginTest - passing login credentials.....
19:54:59.753 [main] INFO  testCases.TC002_LoginTest - clicked login button.....
19:54:59.826 [main] INFO  testCases.TC002_LoginTest - Validating Test....
19:54:59.829 [main] INFO  testCases.TC002_LoginTest - Test Passed.....
19:54:59.829 [main] INFO  testCases.TC002_LoginTest - ***** Test TC002_LoginTest Completed ******* 
20:03:33.531 [main] DEBUG org.testng.TestNG - suiteXmlPath: "/Users/Muqeem/E-CommerceAutomationFramework/OpenCartV121/master.xml"
20:03:33.884 [main] INFO  org.testng.internal.Utils - [TestNG] Running:
  /Users/Muqeem/E-CommerceAutomationFramework/OpenCartV121/master.xml

20:03:52.494 [main] INFO  testCases.TC001_AccountResgistrationTest - **** Starting TC001_AccountResgistrationTest *****
20:03:53.645 [main] INFO  testCases.TC001_AccountResgistrationTest - Clicked on myAccount link....
20:03:56.190 [main] INFO  testCases.TC001_AccountResgistrationTest - Clicked on Register link....
20:03:56.194 [main] INFO  testCases.TC001_AccountResgistrationTest - Providing customer details....
20:04:00.167 [main] INFO  testCases.TC001_AccountResgistrationTest - Form submitted.....
20:04:00.264 [main] INFO  testCases.TC001_AccountResgistrationTest - Received confirmation message....
20:04:00.267 [main] INFO  testCases.TC001_AccountResgistrationTest - Test case Validated.....
20:04:00.268 [main] INFO  testCases.TC001_AccountResgistrationTest - **** Ending of TC001_AccountResgistrationTest *****
20:04:20.312 [main] INFO  testCases.TC002_LoginTest - ******Test TC002_LoginTest began ******
20:04:21.705 [main] INFO  testCases.TC002_LoginTest - clicked on MyAccount.....
20:04:22.993 [main] INFO  testCases.TC002_LoginTest - clicked on login.....
20:04:23.017 [main] INFO  testCases.TC002_LoginTest - passing login credentials.....
20:04:25.413 [main] INFO  testCases.TC002_LoginTest - clicked login button.....
20:04:25.562 [main] INFO  testCases.TC002_LoginTest - Validating Test....
20:04:25.564 [main] INFO  testCases.TC002_LoginTest - Test Passed.....
20:04:25.565 [main] INFO  testCases.TC002_LoginTest - ***** Test TC002_LoginTest Completed ******* 
20:06:10.673 [main] INFO  testCases.TC002_LoginTest - ******Test TC002_LoginTest began ******
20:06:11.901 [main] INFO  testCases.TC002_LoginTest - clicked on MyAccount.....
20:06:12.877 [main] INFO  testCases.TC002_LoginTest - clicked on login.....
20:06:12.880 [main] INFO  testCases.TC002_LoginTest - passing login credentials.....
20:06:15.375 [main] INFO  testCases.TC002_LoginTest - clicked login button.....
20:06:15.464 [main] INFO  testCases.TC002_LoginTest - Validating Test....
20:06:15.466 [main] INFO  testCases.TC002_LoginTest - Test Passed.....
20:06:15.467 [main] INFO  testCases.TC002_LoginTest - ***** Test TC002_LoginTest Completed ******* 
01:22:11.677 [main] DEBUG org.testng.TestNG - suiteXmlPath: "/Users/Muqeem/E-CommerceAutomationFramework/OpenCartV121/master.xml"
01:22:11.987 [main] INFO  org.testng.internal.Utils - [TestNG] Running:
  /Users/Muqeem/E-CommerceAutomationFramework/OpenCartV121/master.xml

01:22:29.759 [main] DEBUG org.apache.poi.openxml4j.opc.PackageRelationshipCollection - Parsing relationship: /xl/_rels/workbook.xml.rels
01:22:29.764 [main] DEBUG org.apache.poi.openxml4j.opc.PackageRelationshipCollection - Parsing relationship: /xl/worksheets/_rels/sheet1.xml.rels
01:22:29.768 [main] DEBUG org.apache.poi.openxml4j.opc.PackageRelationshipCollection - Parsing relationship: /_rels/.rels
01:22:30.258 [main] DEBUG org.apache.poi.openxml4j.opc.PackageRelationshipCollection - Parsing relationship: /xl/_rels/workbook.xml.rels
01:22:30.260 [main] DEBUG org.apache.poi.openxml4j.opc.PackageRelationshipCollection - Parsing relationship: /xl/worksheets/_rels/sheet1.xml.rels
01:22:30.262 [main] DEBUG org.apache.poi.openxml4j.opc.PackageRelationshipCollection - Parsing relationship: /_rels/.rels
01:22:30.349 [main] DEBUG org.apache.poi.openxml4j.opc.PackageRelationshipCollection - Parsing relationship: /xl/_rels/workbook.xml.rels
01:22:30.350 [main] DEBUG org.apache.poi.openxml4j.opc.PackageRelationshipCollection - Parsing relationship: /xl/worksheets/_rels/sheet1.xml.rels
01:22:30.350 [main] DEBUG org.apache.poi.openxml4j.opc.PackageRelationshipCollection - Parsing relationship: /_rels/.rels
01:22:30.401 [main] DEBUG org.apache.poi.openxml4j.opc.PackageRelationshipCollection - Parsing relationship: /xl/_rels/workbook.xml.rels
01:22:30.405 [main] DEBUG org.apache.poi.openxml4j.opc.PackageRelationshipCollection - Parsing relationship: /xl/worksheets/_rels/sheet1.xml.rels
01:22:30.407 [main] DEBUG org.apache.poi.openxml4j.opc.PackageRelationshipCollection - Parsing relationship: /_rels/.rels
01:22:30.446 [main] DEBUG org.apache.poi.openxml4j.opc.PackageRelationshipCollection - Parsing relationship: /xl/_rels/workbook.xml.rels
01:22:30.453 [main] DEBUG org.apache.poi.openxml4j.opc.PackageRelationshipCollection - Parsing relationship: /xl/worksheets/_rels/sheet1.xml.rels
01:22:30.456 [main] DEBUG org.apache.poi.openxml4j.opc.PackageRelationshipCollection - Parsing relationship: /_rels/.rels
01:22:30.494 [main] DEBUG org.apache.poi.openxml4j.opc.PackageRelationshipCollection - Parsing relationship: /xl/_rels/workbook.xml.rels
01:22:30.495 [main] DEBUG org.apache.poi.openxml4j.opc.PackageRelationshipCollection - Parsing relationship: /xl/worksheets/_rels/sheet1.xml.rels
01:22:30.496 [main] DEBUG org.apache.poi.openxml4j.opc.PackageRelationshipCollection - Parsing relationship: /_rels/.rels
01:22:30.529 [main] DEBUG org.apache.poi.openxml4j.opc.PackageRelationshipCollection - Parsing relationship: /xl/_rels/workbook.xml.rels
01:22:30.531 [main] DEBUG org.apache.poi.openxml4j.opc.PackageRelationshipCollection - Parsing relationship: /xl/worksheets/_rels/sheet1.xml.rels
01:22:30.531 [main] DEBUG org.apache.poi.openxml4j.opc.PackageRelationshipCollection - Parsing relationship: /_rels/.rels
01:22:30.574 [main] DEBUG org.apache.poi.openxml4j.opc.PackageRelationshipCollection - Parsing relationship: /xl/_rels/workbook.xml.rels
01:22:30.574 [main] DEBUG org.apache.poi.openxml4j.opc.PackageRelationshipCollection - Parsing relationship: /xl/worksheets/_rels/sheet1.xml.rels
01:22:30.575 [main] DEBUG org.apache.poi.openxml4j.opc.PackageRelationshipCollection - Parsing relationship: /_rels/.rels
01:22:30.600 [main] DEBUG org.apache.poi.openxml4j.opc.PackageRelationshipCollection - Parsing relationship: /xl/_rels/workbook.xml.rels
01:22:30.601 [main] DEBUG org.apache.poi.openxml4j.opc.PackageRelationshipCollection - Parsing relationship: /xl/worksheets/_rels/sheet1.xml.rels
01:22:30.602 [main] DEBUG org.apache.poi.openxml4j.opc.PackageRelationshipCollection - Parsing relationship: /_rels/.rels
01:22:30.626 [main] DEBUG org.apache.poi.openxml4j.opc.PackageRelationshipCollection - Parsing relationship: /xl/_rels/workbook.xml.rels
01:22:30.626 [main] DEBUG org.apache.poi.openxml4j.opc.PackageRelationshipCollection - Parsing relationship: /xl/worksheets/_rels/sheet1.xml.rels
01:22:30.627 [main] DEBUG org.apache.poi.openxml4j.opc.PackageRelationshipCollection - Parsing relationship: /_rels/.rels
01:22:30.657 [main] DEBUG org.apache.poi.openxml4j.opc.PackageRelationshipCollection - Parsing relationship: /xl/_rels/workbook.xml.rels
01:22:30.660 [main] DEBUG org.apache.poi.openxml4j.opc.PackageRelationshipCollection - Parsing relationship: /xl/worksheets/_rels/sheet1.xml.rels
01:22:30.661 [main] DEBUG org.apache.poi.openxml4j.opc.PackageRelationshipCollection - Parsing relationship: /_rels/.rels
01:22:30.693 [main] DEBUG org.apache.poi.openxml4j.opc.PackageRelationshipCollection - Parsing relationship: /xl/_rels/workbook.xml.rels
01:22:30.694 [main] DEBUG org.apache.poi.openxml4j.opc.PackageRelationshipCollection - Parsing relationship: /xl/worksheets/_rels/sheet1.xml.rels
01:22:30.694 [main] DEBUG org.apache.poi.openxml4j.opc.PackageRelationshipCollection - Parsing relationship: /_rels/.rels
01:22:30.708 [main] DEBUG org.apache.poi.openxml4j.opc.PackageRelationshipCollection - Parsing relationship: /xl/_rels/workbook.xml.rels
01:22:30.709 [main] DEBUG org.apache.poi.openxml4j.opc.PackageRelationshipCollection - Parsing relationship: /xl/worksheets/_rels/sheet1.xml.rels
01:22:30.710 [main] DEBUG org.apache.poi.openxml4j.opc.PackageRelationshipCollection - Parsing relationship: /_rels/.rels
01:22:30.775 [main] DEBUG org.apache.poi.openxml4j.opc.PackageRelationshipCollection - Parsing relationship: /xl/_rels/workbook.xml.rels
01:22:30.776 [main] DEBUG org.apache.poi.openxml4j.opc.PackageRelationshipCollection - Parsing relationship: /xl/worksheets/_rels/sheet1.xml.rels
01:22:30.777 [main] DEBUG org.apache.poi.openxml4j.opc.PackageRelationshipCollection - Parsing relationship: /_rels/.rels
01:22:30.793 [main] DEBUG org.apache.poi.openxml4j.opc.PackageRelationshipCollection - Parsing relationship: /xl/_rels/workbook.xml.rels
01:22:30.795 [main] DEBUG org.apache.poi.openxml4j.opc.PackageRelationshipCollection - Parsing relationship: /xl/worksheets/_rels/sheet1.xml.rels
01:22:30.796 [main] DEBUG org.apache.poi.openxml4j.opc.PackageRelationshipCollection - Parsing relationship: /_rels/.rels
01:22:30.810 [main] DEBUG org.apache.poi.openxml4j.opc.PackageRelationshipCollection - Parsing relationship: /xl/_rels/workbook.xml.rels
01:22:30.811 [main] DEBUG org.apache.poi.openxml4j.opc.PackageRelationshipCollection - Parsing relationship: /xl/worksheets/_rels/sheet1.xml.rels
01:22:30.812 [main] DEBUG org.apache.poi.openxml4j.opc.PackageRelationshipCollection - Parsing relationship: /_rels/.rels
01:22:30.833 [main] DEBUG org.apache.poi.openxml4j.opc.PackageRelationshipCollection - Parsing relationship: /xl/_rels/workbook.xml.rels
01:22:30.835 [main] DEBUG org.apache.poi.openxml4j.opc.PackageRelationshipCollection - Parsing relationship: /xl/worksheets/_rels/sheet1.xml.rels
01:22:30.835 [main] DEBUG org.apache.poi.openxml4j.opc.PackageRelationshipCollection - Parsing relationship: /_rels/.rels
01:22:30.865 [main] INFO  testCases.TC003_LoginDataDrivenTest - ****** Test TC003_LoginDataDrivenTest Begin *****
01:22:31.711 [main] INFO  testCases.TC003_LoginDataDrivenTest - clicked on MyAccount.....
01:22:33.699 [main] INFO  testCases.TC003_LoginDataDrivenTest - clicked on login.....
01:22:33.704 [main] INFO  testCases.TC003_LoginDataDrivenTest - passing login credentials.....
01:22:36.377 [main] INFO  testCases.TC003_LoginDataDrivenTest - clicked login button.....
01:22:37.467 [main] INFO  testCases.TC003_LoginDataDrivenTest - user logged in - Test Passed.....
01:22:37.467 [main] INFO  testCases.TC003_LoginDataDrivenTest - ***** Test TC003_LoginDataDrivenTest Completed *******
01:22:37.481 [main] INFO  testCases.TC003_LoginDataDrivenTest - ****** Test TC003_LoginDataDrivenTest Begin *****
01:22:38.009 [main] INFO  testCases.TC003_LoginDataDrivenTest - clicked on MyAccount.....
01:22:38.565 [main] INFO  testCases.TC003_LoginDataDrivenTest - clicked on login.....
01:22:38.565 [main] INFO  testCases.TC003_LoginDataDrivenTest - passing login credentials.....
01:22:39.749 [main] INFO  testCases.TC003_LoginDataDrivenTest - clicked login button.....
01:22:49.878 [main] INFO  testCases.TC003_LoginDataDrivenTest - invalid credentials, user didn't login - test passed.....
01:22:49.879 [main] INFO  testCases.TC003_LoginDataDrivenTest - ***** Test TC003_LoginDataDrivenTest Completed *******
01:22:49.886 [main] INFO  testCases.TC003_LoginDataDrivenTest - ****** Test TC003_LoginDataDrivenTest Begin *****
01:22:50.065 [main] INFO  testCases.TC003_LoginDataDrivenTest - clicked on MyAccount.....
01:22:50.987 [main] INFO  testCases.TC003_LoginDataDrivenTest - clicked on login.....
01:22:50.987 [main] INFO  testCases.TC003_LoginDataDrivenTest - passing login credentials.....
01:22:52.211 [main] INFO  testCases.TC003_LoginDataDrivenTest - clicked login button.....
01:23:02.261 [main] INFO  testCases.TC003_LoginDataDrivenTest - invalid credentials, user didn't login - test passed.....
01:23:02.269 [main] INFO  testCases.TC003_LoginDataDrivenTest - ***** Test TC003_LoginDataDrivenTest Completed *******
01:23:02.277 [main] INFO  testCases.TC003_LoginDataDrivenTest - ****** Test TC003_LoginDataDrivenTest Begin *****
01:23:02.390 [main] INFO  testCases.TC003_LoginDataDrivenTest - clicked on MyAccount.....
01:23:02.863 [main] INFO  testCases.TC003_LoginDataDrivenTest - clicked on login.....
01:23:02.864 [main] INFO  testCases.TC003_LoginDataDrivenTest - passing login credentials.....
01:23:03.708 [main] INFO  testCases.TC003_LoginDataDrivenTest - clicked login button.....
01:23:13.785 [main] INFO  testCases.TC003_LoginDataDrivenTest - invalid credentials, user didn't login - test passed.....
01:23:13.787 [main] INFO  testCases.TC003_LoginDataDrivenTest - ***** Test TC003_LoginDataDrivenTest Completed *******
01:23:13.797 [main] INFO  testCases.TC003_LoginDataDrivenTest - ****** Test TC003_LoginDataDrivenTest Begin *****
01:23:13.937 [main] INFO  testCases.TC003_LoginDataDrivenTest - clicked on MyAccount.....
01:23:14.423 [main] INFO  testCases.TC003_LoginDataDrivenTest - clicked on login.....
01:23:14.424 [main] INFO  testCases.TC003_LoginDataDrivenTest - passing login credentials.....
01:23:15.601 [main] INFO  testCases.TC003_LoginDataDrivenTest - clicked login button.....
01:23:25.648 [main] INFO  testCases.TC003_LoginDataDrivenTest - valid credentials - Test failed.....
01:28:27.035 [main] DEBUG org.testng.TestNG - suiteXmlPath: "/Users/Muqeem/E-CommerceAutomationFramework/OpenCartV121/master.xml"
01:28:27.323 [main] INFO  org.testng.internal.Utils - [TestNG] Running:
  /Users/Muqeem/E-CommerceAutomationFramework/OpenCartV121/master.xml

01:28:42.129 [main] DEBUG org.apache.poi.openxml4j.opc.PackageRelationshipCollection - Parsing relationship: /xl/_rels/workbook.xml.rels
01:28:42.148 [main] DEBUG org.apache.poi.openxml4j.opc.PackageRelationshipCollection - Parsing relationship: /xl/worksheets/_rels/sheet1.xml.rels
01:28:42.156 [main] DEBUG org.apache.poi.openxml4j.opc.PackageRelationshipCollection - Parsing relationship: /_rels/.rels
01:28:42.709 [main] DEBUG org.apache.poi.openxml4j.opc.PackageRelationshipCollection - Parsing relationship: /xl/_rels/workbook.xml.rels
01:28:42.711 [main] DEBUG org.apache.poi.openxml4j.opc.PackageRelationshipCollection - Parsing relationship: /xl/worksheets/_rels/sheet1.xml.rels
01:28:42.713 [main] DEBUG org.apache.poi.openxml4j.opc.PackageRelationshipCollection - Parsing relationship: /_rels/.rels
01:28:42.812 [main] DEBUG org.apache.poi.openxml4j.opc.PackageRelationshipCollection - Parsing relationship: /xl/_rels/workbook.xml.rels
01:28:42.814 [main] DEBUG org.apache.poi.openxml4j.opc.PackageRelationshipCollection - Parsing relationship: /xl/worksheets/_rels/sheet1.xml.rels
01:28:42.814 [main] DEBUG org.apache.poi.openxml4j.opc.PackageRelationshipCollection - Parsing relationship: /_rels/.rels
01:28:42.865 [main] DEBUG org.apache.poi.openxml4j.opc.PackageRelationshipCollection - Parsing relationship: /xl/_rels/workbook.xml.rels
01:28:42.869 [main] DEBUG org.apache.poi.openxml4j.opc.PackageRelationshipCollection - Parsing relationship: /xl/worksheets/_rels/sheet1.xml.rels
01:28:42.872 [main] DEBUG org.apache.poi.openxml4j.opc.PackageRelationshipCollection - Parsing relationship: /_rels/.rels
01:28:42.912 [main] DEBUG org.apache.poi.openxml4j.opc.PackageRelationshipCollection - Parsing relationship: /xl/_rels/workbook.xml.rels
01:28:42.922 [main] DEBUG org.apache.poi.openxml4j.opc.PackageRelationshipCollection - Parsing relationship: /xl/worksheets/_rels/sheet1.xml.rels
01:28:42.924 [main] DEBUG org.apache.poi.openxml4j.opc.PackageRelationshipCollection - Parsing relationship: /_rels/.rels
01:28:42.965 [main] DEBUG org.apache.poi.openxml4j.opc.PackageRelationshipCollection - Parsing relationship: /xl/_rels/workbook.xml.rels
01:28:42.966 [main] DEBUG org.apache.poi.openxml4j.opc.PackageRelationshipCollection - Parsing relationship: /xl/worksheets/_rels/sheet1.xml.rels
01:28:42.967 [main] DEBUG org.apache.poi.openxml4j.opc.PackageRelationshipCollection - Parsing relationship: /_rels/.rels
01:28:42.996 [main] DEBUG org.apache.poi.openxml4j.opc.PackageRelationshipCollection - Parsing relationship: /xl/_rels/workbook.xml.rels
01:28:42.997 [main] DEBUG org.apache.poi.openxml4j.opc.PackageRelationshipCollection - Parsing relationship: /xl/worksheets/_rels/sheet1.xml.rels
01:28:42.998 [main] DEBUG org.apache.poi.openxml4j.opc.PackageRelationshipCollection - Parsing relationship: /_rels/.rels
01:28:43.037 [main] DEBUG org.apache.poi.openxml4j.opc.PackageRelationshipCollection - Parsing relationship: /xl/_rels/workbook.xml.rels
01:28:43.037 [main] DEBUG org.apache.poi.openxml4j.opc.PackageRelationshipCollection - Parsing relationship: /xl/worksheets/_rels/sheet1.xml.rels
01:28:43.038 [main] DEBUG org.apache.poi.openxml4j.opc.PackageRelationshipCollection - Parsing relationship: /_rels/.rels
01:28:43.072 [main] DEBUG org.apache.poi.openxml4j.opc.PackageRelationshipCollection - Parsing relationship: /xl/_rels/workbook.xml.rels
01:28:43.074 [main] DEBUG org.apache.poi.openxml4j.opc.PackageRelationshipCollection - Parsing relationship: /xl/worksheets/_rels/sheet1.xml.rels
01:28:43.074 [main] DEBUG org.apache.poi.openxml4j.opc.PackageRelationshipCollection - Parsing relationship: /_rels/.rels
01:28:43.099 [main] DEBUG org.apache.poi.openxml4j.opc.PackageRelationshipCollection - Parsing relationship: /xl/_rels/workbook.xml.rels
01:28:43.099 [main] DEBUG org.apache.poi.openxml4j.opc.PackageRelationshipCollection - Parsing relationship: /xl/worksheets/_rels/sheet1.xml.rels
01:28:43.099 [main] DEBUG org.apache.poi.openxml4j.opc.PackageRelationshipCollection - Parsing relationship: /_rels/.rels
01:28:43.122 [main] DEBUG org.apache.poi.openxml4j.opc.PackageRelationshipCollection - Parsing relationship: /xl/_rels/workbook.xml.rels
01:28:43.122 [main] DEBUG org.apache.poi.openxml4j.opc.PackageRelationshipCollection - Parsing relationship: /xl/worksheets/_rels/sheet1.xml.rels
01:28:43.123 [main] DEBUG org.apache.poi.openxml4j.opc.PackageRelationshipCollection - Parsing relationship: /_rels/.rels
01:28:43.164 [main] DEBUG org.apache.poi.openxml4j.opc.PackageRelationshipCollection - Parsing relationship: /xl/_rels/workbook.xml.rels
01:28:43.166 [main] DEBUG org.apache.poi.openxml4j.opc.PackageRelationshipCollection - Parsing relationship: /xl/worksheets/_rels/sheet1.xml.rels
01:28:43.166 [main] DEBUG org.apache.poi.openxml4j.opc.PackageRelationshipCollection - Parsing relationship: /_rels/.rels
01:28:43.181 [main] DEBUG org.apache.poi.openxml4j.opc.PackageRelationshipCollection - Parsing relationship: /xl/_rels/workbook.xml.rels
01:28:43.182 [main] DEBUG org.apache.poi.openxml4j.opc.PackageRelationshipCollection - Parsing relationship: /xl/worksheets/_rels/sheet1.xml.rels
01:28:43.182 [main] DEBUG org.apache.poi.openxml4j.opc.PackageRelationshipCollection - Parsing relationship: /_rels/.rels
01:28:43.212 [main] DEBUG org.apache.poi.openxml4j.opc.PackageRelationshipCollection - Parsing relationship: /xl/_rels/workbook.xml.rels
01:28:43.213 [main] DEBUG org.apache.poi.openxml4j.opc.PackageRelationshipCollection - Parsing relationship: /xl/worksheets/_rels/sheet1.xml.rels
01:28:43.213 [main] DEBUG org.apache.poi.openxml4j.opc.PackageRelationshipCollection - Parsing relationship: /_rels/.rels
01:28:43.232 [main] DEBUG org.apache.poi.openxml4j.opc.PackageRelationshipCollection - Parsing relationship: /xl/_rels/workbook.xml.rels
01:28:43.233 [main] DEBUG org.apache.poi.openxml4j.opc.PackageRelationshipCollection - Parsing relationship: /xl/worksheets/_rels/sheet1.xml.rels
01:28:43.234 [main] DEBUG org.apache.poi.openxml4j.opc.PackageRelationshipCollection - Parsing relationship: /_rels/.rels
01:28:43.268 [main] DEBUG org.apache.poi.openxml4j.opc.PackageRelationshipCollection - Parsing relationship: /xl/_rels/workbook.xml.rels
01:28:43.269 [main] DEBUG org.apache.poi.openxml4j.opc.PackageRelationshipCollection - Parsing relationship: /xl/worksheets/_rels/sheet1.xml.rels
01:28:43.270 [main] DEBUG org.apache.poi.openxml4j.opc.PackageRelationshipCollection - Parsing relationship: /_rels/.rels
01:28:43.306 [main] DEBUG org.apache.poi.openxml4j.opc.PackageRelationshipCollection - Parsing relationship: /xl/_rels/workbook.xml.rels
01:28:43.307 [main] DEBUG org.apache.poi.openxml4j.opc.PackageRelationshipCollection - Parsing relationship: /xl/worksheets/_rels/sheet1.xml.rels
01:28:43.310 [main] DEBUG org.apache.poi.openxml4j.opc.PackageRelationshipCollection - Parsing relationship: /_rels/.rels
01:28:43.341 [main] INFO  testCases.TC003_LoginDataDrivenTest - ****** Test TC003_LoginDataDrivenTest Begin *****
01:28:44.206 [main] INFO  testCases.TC003_LoginDataDrivenTest - clicked on MyAccount.....
01:28:45.293 [main] INFO  testCases.TC003_LoginDataDrivenTest - clicked on login.....
01:28:45.297 [main] INFO  testCases.TC003_LoginDataDrivenTest - passing login credentials.....
01:28:48.598 [main] INFO  testCases.TC003_LoginDataDrivenTest - clicked login button.....
01:28:50.223 [main] INFO  testCases.TC003_LoginDataDrivenTest - user logged in - Test Passed.....
01:28:50.224 [main] INFO  testCases.TC003_LoginDataDrivenTest - ***** Test TC003_LoginDataDrivenTest Completed *******
01:28:50.246 [main] INFO  testCases.TC003_LoginDataDrivenTest - ****** Test TC003_LoginDataDrivenTest Begin *****
01:28:50.537 [main] INFO  testCases.TC003_LoginDataDrivenTest - clicked on MyAccount.....
01:28:51.811 [main] INFO  testCases.TC003_LoginDataDrivenTest - clicked on login.....
01:28:51.812 [main] INFO  testCases.TC003_LoginDataDrivenTest - passing login credentials.....
01:28:53.170 [main] INFO  testCases.TC003_LoginDataDrivenTest - clicked login button.....
01:29:03.230 [main] INFO  testCases.TC003_LoginDataDrivenTest - invalid credentials, user didn't login - test passed.....
01:29:03.244 [main] INFO  testCases.TC003_LoginDataDrivenTest - ***** Test TC003_LoginDataDrivenTest Completed *******
01:29:03.255 [main] INFO  testCases.TC003_LoginDataDrivenTest - ****** Test TC003_LoginDataDrivenTest Begin *****
01:29:03.376 [main] INFO  testCases.TC003_LoginDataDrivenTest - clicked on MyAccount.....
01:29:04.007 [main] INFO  testCases.TC003_LoginDataDrivenTest - clicked on login.....
01:29:04.008 [main] INFO  testCases.TC003_LoginDataDrivenTest - passing login credentials.....
01:29:05.430 [main] INFO  testCases.TC003_LoginDataDrivenTest - clicked login button.....
01:29:15.495 [main] INFO  testCases.TC003_LoginDataDrivenTest - invalid credentials, user didn't login - test passed.....
01:29:15.497 [main] INFO  testCases.TC003_LoginDataDrivenTest - ***** Test TC003_LoginDataDrivenTest Completed *******
01:29:15.504 [main] INFO  testCases.TC003_LoginDataDrivenTest - ****** Test TC003_LoginDataDrivenTest Begin *****
01:29:15.591 [main] INFO  testCases.TC003_LoginDataDrivenTest - clicked on MyAccount.....
01:29:16.123 [main] INFO  testCases.TC003_LoginDataDrivenTest - clicked on login.....
01:29:16.123 [main] INFO  testCases.TC003_LoginDataDrivenTest - passing login credentials.....
01:29:17.285 [main] INFO  testCases.TC003_LoginDataDrivenTest - clicked login button.....
01:29:27.330 [main] INFO  testCases.TC003_LoginDataDrivenTest - invalid credentials, user didn't login - test passed.....
01:29:27.332 [main] INFO  testCases.TC003_LoginDataDrivenTest - ***** Test TC003_LoginDataDrivenTest Completed *******
01:29:27.341 [main] INFO  testCases.TC003_LoginDataDrivenTest - ****** Test TC003_LoginDataDrivenTest Begin *****
01:29:27.446 [main] INFO  testCases.TC003_LoginDataDrivenTest - clicked on MyAccount.....
01:29:27.948 [main] INFO  testCases.TC003_LoginDataDrivenTest - clicked on login.....
01:29:27.949 [main] INFO  testCases.TC003_LoginDataDrivenTest - passing login credentials.....
01:29:29.444 [main] INFO  testCases.TC003_LoginDataDrivenTest - clicked login button.....
01:29:30.326 [main] INFO  testCases.TC003_LoginDataDrivenTest - user logged in - Test Passed.....
01:29:30.326 [main] INFO  testCases.TC003_LoginDataDrivenTest - ***** Test TC003_LoginDataDrivenTest Completed *******
21:41:32.103 [main] DEBUG org.testng.TestNG - suiteXmlPath: "/Users/Muqeem/E-CommerceAutomationFramework/OpenCartV121/grouping.xml"
21:41:32.455 [main] INFO  org.testng.internal.Utils - [TestNG] Running:
  /Users/Muqeem/E-CommerceAutomationFramework/OpenCartV121/grouping.xml

21:41:51.576 [main] INFO  testCases.TC001_AccountResgistrationTest - **** Starting TC001_AccountResgistrationTest *****
21:41:52.775 [main] INFO  testCases.TC001_AccountResgistrationTest - Clicked on myAccount link....
21:41:55.435 [main] INFO  testCases.TC001_AccountResgistrationTest - Clicked on Register link....
21:41:55.446 [main] INFO  testCases.TC001_AccountResgistrationTest - Providing customer details....
21:41:59.861 [main] INFO  testCases.TC001_AccountResgistrationTest - Form submitted.....
21:41:59.936 [main] INFO  testCases.TC001_AccountResgistrationTest - Received confirmation message....
21:41:59.944 [main] INFO  testCases.TC001_AccountResgistrationTest - Test case Validated.....
21:41:59.944 [main] INFO  testCases.TC001_AccountResgistrationTest - **** Ending of TC001_AccountResgistrationTest *****
21:42:14.512 [main] INFO  testCases.TC002_LoginTest - ******Test TC002_LoginTest began ******
21:42:15.847 [main] INFO  testCases.TC002_LoginTest - clicked on MyAccount.....
21:42:17.026 [main] INFO  testCases.TC002_LoginTest - clicked on login.....
21:42:17.036 [main] INFO  testCases.TC002_LoginTest - passing login credentials.....
21:42:19.732 [main] INFO  testCases.TC002_LoginTest - clicked login button.....
21:42:19.922 [main] INFO  testCases.TC002_LoginTest - Validating Test....
21:42:19.926 [main] INFO  testCases.TC002_LoginTest - Test Passed.....
21:42:19.926 [main] INFO  testCases.TC002_LoginTest - ***** Test TC002_LoginTest Completed ******* 
23:32:18.797 [main] DEBUG org.testng.TestNG - suiteXmlPath: "/Users/Muqeem/E-CommerceAutomationFramework/OpenCartV121/master.xml"
23:32:19.114 [main] INFO  org.testng.internal.Utils - [TestNG] Running:
  /Users/Muqeem/E-CommerceAutomationFramework/OpenCartV121/master.xml

23:32:38.748 [main] DEBUG org.apache.poi.openxml4j.opc.PackageRelationshipCollection - Parsing relationship: /xl/_rels/workbook.xml.rels
23:32:38.754 [main] DEBUG org.apache.poi.openxml4j.opc.PackageRelationshipCollection - Parsing relationship: /xl/worksheets/_rels/sheet1.xml.rels
23:32:38.761 [main] DEBUG org.apache.poi.openxml4j.opc.PackageRelationshipCollection - Parsing relationship: /_rels/.rels
23:32:39.285 [main] DEBUG org.apache.poi.openxml4j.opc.PackageRelationshipCollection - Parsing relationship: /xl/_rels/workbook.xml.rels
23:32:39.287 [main] DEBUG org.apache.poi.openxml4j.opc.PackageRelationshipCollection - Parsing relationship: /xl/worksheets/_rels/sheet1.xml.rels
23:32:39.288 [main] DEBUG org.apache.poi.openxml4j.opc.PackageRelationshipCollection - Parsing relationship: /_rels/.rels
23:32:39.360 [main] DEBUG org.apache.poi.openxml4j.opc.PackageRelationshipCollection - Parsing relationship: /xl/_rels/workbook.xml.rels
23:32:39.361 [main] DEBUG org.apache.poi.openxml4j.opc.PackageRelationshipCollection - Parsing relationship: /xl/worksheets/_rels/sheet1.xml.rels
23:32:39.362 [main] DEBUG org.apache.poi.openxml4j.opc.PackageRelationshipCollection - Parsing relationship: /_rels/.rels
23:32:39.425 [main] DEBUG org.apache.poi.openxml4j.opc.PackageRelationshipCollection - Parsing relationship: /xl/_rels/workbook.xml.rels
23:32:39.429 [main] DEBUG org.apache.poi.openxml4j.opc.PackageRelationshipCollection - Parsing relationship: /xl/worksheets/_rels/sheet1.xml.rels
23:32:39.431 [main] DEBUG org.apache.poi.openxml4j.opc.PackageRelationshipCollection - Parsing relationship: /_rels/.rels
23:32:39.456 [main] DEBUG org.apache.poi.openxml4j.opc.PackageRelationshipCollection - Parsing relationship: /xl/_rels/workbook.xml.rels
23:32:39.464 [main] DEBUG org.apache.poi.openxml4j.opc.PackageRelationshipCollection - Parsing relationship: /xl/worksheets/_rels/sheet1.xml.rels
23:32:39.466 [main] DEBUG org.apache.poi.openxml4j.opc.PackageRelationshipCollection - Parsing relationship: /_rels/.rels
23:32:39.505 [main] DEBUG org.apache.poi.openxml4j.opc.PackageRelationshipCollection - Parsing relationship: /xl/_rels/workbook.xml.rels
23:32:39.507 [main] DEBUG org.apache.poi.openxml4j.opc.PackageRelationshipCollection - Parsing relationship: /xl/worksheets/_rels/sheet1.xml.rels
23:32:39.508 [main] DEBUG org.apache.poi.openxml4j.opc.PackageRelationshipCollection - Parsing relationship: /_rels/.rels
23:32:39.544 [main] DEBUG org.apache.poi.openxml4j.opc.PackageRelationshipCollection - Parsing relationship: /xl/_rels/workbook.xml.rels
23:32:39.545 [main] DEBUG org.apache.poi.openxml4j.opc.PackageRelationshipCollection - Parsing relationship: /xl/worksheets/_rels/sheet1.xml.rels
23:32:39.546 [main] DEBUG org.apache.poi.openxml4j.opc.PackageRelationshipCollection - Parsing relationship: /_rels/.rels
23:32:39.569 [main] DEBUG org.apache.poi.openxml4j.opc.PackageRelationshipCollection - Parsing relationship: /xl/_rels/workbook.xml.rels
23:32:39.570 [main] DEBUG org.apache.poi.openxml4j.opc.PackageRelationshipCollection - Parsing relationship: /xl/worksheets/_rels/sheet1.xml.rels
23:32:39.572 [main] DEBUG org.apache.poi.openxml4j.opc.PackageRelationshipCollection - Parsing relationship: /_rels/.rels
23:32:39.601 [main] DEBUG org.apache.poi.openxml4j.opc.PackageRelationshipCollection - Parsing relationship: /xl/_rels/workbook.xml.rels
23:32:39.602 [main] DEBUG org.apache.poi.openxml4j.opc.PackageRelationshipCollection - Parsing relationship: /xl/worksheets/_rels/sheet1.xml.rels
23:32:39.602 [main] DEBUG org.apache.poi.openxml4j.opc.PackageRelationshipCollection - Parsing relationship: /_rels/.rels
23:32:39.628 [main] DEBUG org.apache.poi.openxml4j.opc.PackageRelationshipCollection - Parsing relationship: /xl/_rels/workbook.xml.rels
23:32:39.628 [main] DEBUG org.apache.poi.openxml4j.opc.PackageRelationshipCollection - Parsing relationship: /xl/worksheets/_rels/sheet1.xml.rels
23:32:39.628 [main] DEBUG org.apache.poi.openxml4j.opc.PackageRelationshipCollection - Parsing relationship: /_rels/.rels
23:32:39.656 [main] DEBUG org.apache.poi.openxml4j.opc.PackageRelationshipCollection - Parsing relationship: /xl/_rels/workbook.xml.rels
23:32:39.657 [main] DEBUG org.apache.poi.openxml4j.opc.PackageRelationshipCollection - Parsing relationship: /xl/worksheets/_rels/sheet1.xml.rels
23:32:39.657 [main] DEBUG org.apache.poi.openxml4j.opc.PackageRelationshipCollection - Parsing relationship: /_rels/.rels
23:32:39.698 [main] DEBUG org.apache.poi.openxml4j.opc.PackageRelationshipCollection - Parsing relationship: /xl/_rels/workbook.xml.rels
23:32:39.698 [main] DEBUG org.apache.poi.openxml4j.opc.PackageRelationshipCollection - Parsing relationship: /xl/worksheets/_rels/sheet1.xml.rels
23:32:39.699 [main] DEBUG org.apache.poi.openxml4j.opc.PackageRelationshipCollection - Parsing relationship: /_rels/.rels
23:32:39.715 [main] DEBUG org.apache.poi.openxml4j.opc.PackageRelationshipCollection - Parsing relationship: /xl/_rels/workbook.xml.rels
23:32:39.720 [main] DEBUG org.apache.poi.openxml4j.opc.PackageRelationshipCollection - Parsing relationship: /xl/worksheets/_rels/sheet1.xml.rels
23:32:39.721 [main] DEBUG org.apache.poi.openxml4j.opc.PackageRelationshipCollection - Parsing relationship: /_rels/.rels
23:32:39.800 [main] DEBUG org.apache.poi.openxml4j.opc.PackageRelationshipCollection - Parsing relationship: /xl/_rels/workbook.xml.rels
23:32:39.810 [main] DEBUG org.apache.poi.openxml4j.opc.PackageRelationshipCollection - Parsing relationship: /xl/worksheets/_rels/sheet1.xml.rels
23:32:39.815 [main] DEBUG org.apache.poi.openxml4j.opc.PackageRelationshipCollection - Parsing relationship: /_rels/.rels
23:32:39.848 [main] DEBUG org.apache.poi.openxml4j.opc.PackageRelationshipCollection - Parsing relationship: /xl/_rels/workbook.xml.rels
23:32:39.850 [main] DEBUG org.apache.poi.openxml4j.opc.PackageRelationshipCollection - Parsing relationship: /xl/worksheets/_rels/sheet1.xml.rels
23:32:39.851 [main] DEBUG org.apache.poi.openxml4j.opc.PackageRelationshipCollection - Parsing relationship: /_rels/.rels
23:32:39.864 [main] DEBUG org.apache.poi.openxml4j.opc.PackageRelationshipCollection - Parsing relationship: /xl/_rels/workbook.xml.rels
23:32:39.865 [main] DEBUG org.apache.poi.openxml4j.opc.PackageRelationshipCollection - Parsing relationship: /xl/worksheets/_rels/sheet1.xml.rels
23:32:39.868 [main] DEBUG org.apache.poi.openxml4j.opc.PackageRelationshipCollection - Parsing relationship: /_rels/.rels
23:32:39.887 [main] DEBUG org.apache.poi.openxml4j.opc.PackageRelationshipCollection - Parsing relationship: /xl/_rels/workbook.xml.rels
23:32:39.889 [main] DEBUG org.apache.poi.openxml4j.opc.PackageRelationshipCollection - Parsing relationship: /xl/worksheets/_rels/sheet1.xml.rels
23:32:39.889 [main] DEBUG org.apache.poi.openxml4j.opc.PackageRelationshipCollection - Parsing relationship: /_rels/.rels
23:32:39.935 [main] INFO  testCases.TC003_LoginDataDrivenTest - ****** Test TC003_LoginDataDrivenTest Begin *****
23:32:40.785 [main] INFO  testCases.TC003_LoginDataDrivenTest - clicked on MyAccount.....
23:32:42.844 [main] INFO  testCases.TC003_LoginDataDrivenTest - clicked on login.....
23:32:42.847 [main] INFO  testCases.TC003_LoginDataDrivenTest - passing login credentials.....
23:32:45.134 [main] INFO  testCases.TC003_LoginDataDrivenTest - clicked login button.....
23:32:46.038 [main] INFO  testCases.TC003_LoginDataDrivenTest - user logged in - Test Passed.....
23:32:46.038 [main] INFO  testCases.TC003_LoginDataDrivenTest - ***** Test TC003_LoginDataDrivenTest Completed *******
23:32:46.058 [main] INFO  testCases.TC003_LoginDataDrivenTest - ****** Test TC003_LoginDataDrivenTest Begin *****
23:32:46.239 [main] INFO  testCases.TC003_LoginDataDrivenTest - clicked on MyAccount.....
23:32:47.436 [main] INFO  testCases.TC003_LoginDataDrivenTest - clicked on login.....
23:32:47.437 [main] INFO  testCases.TC003_LoginDataDrivenTest - passing login credentials.....
23:32:47.888 [main] INFO  testCases.TC003_LoginDataDrivenTest - clicked login button.....
23:32:58.748 [main] INFO  testCases.TC003_LoginDataDrivenTest - invalid credentials, user didn't login - test passed.....
23:32:58.749 [main] INFO  testCases.TC003_LoginDataDrivenTest - ***** Test TC003_LoginDataDrivenTest Completed *******
23:32:58.758 [main] INFO  testCases.TC003_LoginDataDrivenTest - ****** Test TC003_LoginDataDrivenTest Begin *****
23:32:58.956 [main] INFO  testCases.TC003_LoginDataDrivenTest - clicked on MyAccount.....
23:32:59.633 [main] INFO  testCases.TC003_LoginDataDrivenTest - clicked on login.....
23:32:59.634 [main] INFO  testCases.TC003_LoginDataDrivenTest - passing login credentials.....
23:33:00.569 [main] INFO  testCases.TC003_LoginDataDrivenTest - clicked login button.....
23:33:10.685 [main] INFO  testCases.TC003_LoginDataDrivenTest - invalid credentials, user didn't login - test passed.....
23:33:10.687 [main] INFO  testCases.TC003_LoginDataDrivenTest - ***** Test TC003_LoginDataDrivenTest Completed *******
23:33:10.699 [main] INFO  testCases.TC003_LoginDataDrivenTest - ****** Test TC003_LoginDataDrivenTest Begin *****
23:33:10.918 [main] INFO  testCases.TC003_LoginDataDrivenTest - clicked on MyAccount.....
23:33:11.613 [main] INFO  testCases.TC003_LoginDataDrivenTest - clicked on login.....
23:33:11.613 [main] INFO  testCases.TC003_LoginDataDrivenTest - passing login credentials.....
23:33:12.506 [main] INFO  testCases.TC003_LoginDataDrivenTest - clicked login button.....
23:33:22.582 [main] INFO  testCases.TC003_LoginDataDrivenTest - invalid credentials, user didn't login - test passed.....
23:33:22.583 [main] INFO  testCases.TC003_LoginDataDrivenTest - ***** Test TC003_LoginDataDrivenTest Completed *******
23:33:22.598 [main] INFO  testCases.TC003_LoginDataDrivenTest - ****** Test TC003_LoginDataDrivenTest Begin *****
23:33:22.685 [main] INFO  testCases.TC003_LoginDataDrivenTest - clicked on MyAccount.....
23:33:23.252 [main] INFO  testCases.TC003_LoginDataDrivenTest - clicked on login.....
23:33:23.254 [main] INFO  testCases.TC003_LoginDataDrivenTest - passing login credentials.....
23:33:24.450 [main] INFO  testCases.TC003_LoginDataDrivenTest - clicked login button.....
23:33:25.283 [main] INFO  testCases.TC003_LoginDataDrivenTest - user logged in - Test Passed.....
23:33:25.283 [main] INFO  testCases.TC003_LoginDataDrivenTest - ***** Test TC003_LoginDataDrivenTest Completed *******
23:35:13.428 [main] DEBUG org.testng.TestNG - suiteXmlPath: "/Users/Muqeem/E-CommerceAutomationFramework/OpenCartV121/master.xml"
23:35:13.732 [main] INFO  org.testng.internal.Utils - [TestNG] Running:
  /Users/Muqeem/E-CommerceAutomationFramework/OpenCartV121/master.xml

23:35:30.737 [main] DEBUG org.apache.poi.openxml4j.opc.PackageRelationshipCollection - Parsing relationship: /xl/_rels/workbook.xml.rels
23:35:30.743 [main] DEBUG org.apache.poi.openxml4j.opc.PackageRelationshipCollection - Parsing relationship: /xl/worksheets/_rels/sheet1.xml.rels
23:35:30.748 [main] DEBUG org.apache.poi.openxml4j.opc.PackageRelationshipCollection - Parsing relationship: /_rels/.rels
23:35:31.370 [main] DEBUG org.apache.poi.openxml4j.opc.PackageRelationshipCollection - Parsing relationship: /xl/_rels/workbook.xml.rels
23:35:31.372 [main] DEBUG org.apache.poi.openxml4j.opc.PackageRelationshipCollection - Parsing relationship: /xl/worksheets/_rels/sheet1.xml.rels
23:35:31.374 [main] DEBUG org.apache.poi.openxml4j.opc.PackageRelationshipCollection - Parsing relationship: /_rels/.rels
23:35:31.459 [main] DEBUG org.apache.poi.openxml4j.opc.PackageRelationshipCollection - Parsing relationship: /xl/_rels/workbook.xml.rels
23:35:31.462 [main] DEBUG org.apache.poi.openxml4j.opc.PackageRelationshipCollection - Parsing relationship: /xl/worksheets/_rels/sheet1.xml.rels
23:35:31.463 [main] DEBUG org.apache.poi.openxml4j.opc.PackageRelationshipCollection - Parsing relationship: /_rels/.rels
23:35:31.520 [main] DEBUG org.apache.poi.openxml4j.opc.PackageRelationshipCollection - Parsing relationship: /xl/_rels/workbook.xml.rels
23:35:31.524 [main] DEBUG org.apache.poi.openxml4j.opc.PackageRelationshipCollection - Parsing relationship: /xl/worksheets/_rels/sheet1.xml.rels
23:35:31.525 [main] DEBUG org.apache.poi.openxml4j.opc.PackageRelationshipCollection - Parsing relationship: /_rels/.rels
23:35:31.552 [main] DEBUG org.apache.poi.openxml4j.opc.PackageRelationshipCollection - Parsing relationship: /xl/_rels/workbook.xml.rels
23:35:31.561 [main] DEBUG org.apache.poi.openxml4j.opc.PackageRelationshipCollection - Parsing relationship: /xl/worksheets/_rels/sheet1.xml.rels
23:35:31.562 [main] DEBUG org.apache.poi.openxml4j.opc.PackageRelationshipCollection - Parsing relationship: /_rels/.rels
23:35:31.616 [main] DEBUG org.apache.poi.openxml4j.opc.PackageRelationshipCollection - Parsing relationship: /xl/_rels/workbook.xml.rels
23:35:31.617 [main] DEBUG org.apache.poi.openxml4j.opc.PackageRelationshipCollection - Parsing relationship: /xl/worksheets/_rels/sheet1.xml.rels
23:35:31.619 [main] DEBUG org.apache.poi.openxml4j.opc.PackageRelationshipCollection - Parsing relationship: /_rels/.rels
23:35:31.668 [main] DEBUG org.apache.poi.openxml4j.opc.PackageRelationshipCollection - Parsing relationship: /xl/_rels/workbook.xml.rels
23:35:31.670 [main] DEBUG org.apache.poi.openxml4j.opc.PackageRelationshipCollection - Parsing relationship: /xl/worksheets/_rels/sheet1.xml.rels
23:35:31.671 [main] DEBUG org.apache.poi.openxml4j.opc.PackageRelationshipCollection - Parsing relationship: /_rels/.rels
23:35:31.705 [main] DEBUG org.apache.poi.openxml4j.opc.PackageRelationshipCollection - Parsing relationship: /xl/_rels/workbook.xml.rels
23:35:31.706 [main] DEBUG org.apache.poi.openxml4j.opc.PackageRelationshipCollection - Parsing relationship: /xl/worksheets/_rels/sheet1.xml.rels
23:35:31.707 [main] DEBUG org.apache.poi.openxml4j.opc.PackageRelationshipCollection - Parsing relationship: /_rels/.rels
23:35:31.744 [main] DEBUG org.apache.poi.openxml4j.opc.PackageRelationshipCollection - Parsing relationship: /xl/_rels/workbook.xml.rels
23:35:31.746 [main] DEBUG org.apache.poi.openxml4j.opc.PackageRelationshipCollection - Parsing relationship: /xl/worksheets/_rels/sheet1.xml.rels
23:35:31.747 [main] DEBUG org.apache.poi.openxml4j.opc.PackageRelationshipCollection - Parsing relationship: /_rels/.rels
23:35:31.780 [main] DEBUG org.apache.poi.openxml4j.opc.PackageRelationshipCollection - Parsing relationship: /xl/_rels/workbook.xml.rels
23:35:31.781 [main] DEBUG org.apache.poi.openxml4j.opc.PackageRelationshipCollection - Parsing relationship: /xl/worksheets/_rels/sheet1.xml.rels
23:35:31.781 [main] DEBUG org.apache.poi.openxml4j.opc.PackageRelationshipCollection - Parsing relationship: /_rels/.rels
23:35:31.823 [main] DEBUG org.apache.poi.openxml4j.opc.PackageRelationshipCollection - Parsing relationship: /xl/_rels/workbook.xml.rels
23:35:31.824 [main] DEBUG org.apache.poi.openxml4j.opc.PackageRelationshipCollection - Parsing relationship: /xl/worksheets/_rels/sheet1.xml.rels
23:35:31.825 [main] DEBUG org.apache.poi.openxml4j.opc.PackageRelationshipCollection - Parsing relationship: /_rels/.rels
23:35:31.866 [main] DEBUG org.apache.poi.openxml4j.opc.PackageRelationshipCollection - Parsing relationship: /xl/_rels/workbook.xml.rels
23:35:31.867 [main] DEBUG org.apache.poi.openxml4j.opc.PackageRelationshipCollection - Parsing relationship: /xl/worksheets/_rels/sheet1.xml.rels
23:35:31.867 [main] DEBUG org.apache.poi.openxml4j.opc.PackageRelationshipCollection - Parsing relationship: /_rels/.rels
23:35:31.884 [main] DEBUG org.apache.poi.openxml4j.opc.PackageRelationshipCollection - Parsing relationship: /xl/_rels/workbook.xml.rels
23:35:31.886 [main] DEBUG org.apache.poi.openxml4j.opc.PackageRelationshipCollection - Parsing relationship: /xl/worksheets/_rels/sheet1.xml.rels
23:35:31.886 [main] DEBUG org.apache.poi.openxml4j.opc.PackageRelationshipCollection - Parsing relationship: /_rels/.rels
23:35:31.919 [main] DEBUG org.apache.poi.openxml4j.opc.PackageRelationshipCollection - Parsing relationship: /xl/_rels/workbook.xml.rels
23:35:31.919 [main] DEBUG org.apache.poi.openxml4j.opc.PackageRelationshipCollection - Parsing relationship: /xl/worksheets/_rels/sheet1.xml.rels
23:35:31.920 [main] DEBUG org.apache.poi.openxml4j.opc.PackageRelationshipCollection - Parsing relationship: /_rels/.rels
23:35:31.960 [main] DEBUG org.apache.poi.openxml4j.opc.PackageRelationshipCollection - Parsing relationship: /xl/_rels/workbook.xml.rels
23:35:31.962 [main] DEBUG org.apache.poi.openxml4j.opc.PackageRelationshipCollection - Parsing relationship: /xl/worksheets/_rels/sheet1.xml.rels
23:35:31.963 [main] DEBUG org.apache.poi.openxml4j.opc.PackageRelationshipCollection - Parsing relationship: /_rels/.rels
23:35:32.027 [main] DEBUG org.apache.poi.openxml4j.opc.PackageRelationshipCollection - Parsing relationship: /xl/_rels/workbook.xml.rels
23:35:32.031 [main] DEBUG org.apache.poi.openxml4j.opc.PackageRelationshipCollection - Parsing relationship: /xl/worksheets/_rels/sheet1.xml.rels
23:35:32.033 [main] DEBUG org.apache.poi.openxml4j.opc.PackageRelationshipCollection - Parsing relationship: /_rels/.rels
23:35:32.074 [main] DEBUG org.apache.poi.openxml4j.opc.PackageRelationshipCollection - Parsing relationship: /xl/_rels/workbook.xml.rels
23:35:32.075 [main] DEBUG org.apache.poi.openxml4j.opc.PackageRelationshipCollection - Parsing relationship: /xl/worksheets/_rels/sheet1.xml.rels
23:35:32.075 [main] DEBUG org.apache.poi.openxml4j.opc.PackageRelationshipCollection - Parsing relationship: /_rels/.rels
23:35:32.125 [main] INFO  testCases.TC003_LoginDataDrivenTest - ****** Test TC003_LoginDataDrivenTest Begin *****
23:35:32.964 [main] INFO  testCases.TC003_LoginDataDrivenTest - clicked on MyAccount.....
23:35:34.320 [main] INFO  testCases.TC003_LoginDataDrivenTest - clicked on login.....
23:35:34.326 [main] INFO  testCases.TC003_LoginDataDrivenTest - passing login credentials.....
23:35:36.898 [main] INFO  testCases.TC003_LoginDataDrivenTest - clicked login button.....
23:35:37.887 [main] INFO  testCases.TC003_LoginDataDrivenTest - user logged in - Test Passed.....
23:35:37.887 [main] INFO  testCases.TC003_LoginDataDrivenTest - ***** Test TC003_LoginDataDrivenTest Completed *******
23:35:37.911 [main] INFO  testCases.TC003_LoginDataDrivenTest - ****** Test TC003_LoginDataDrivenTest Begin *****
23:35:38.076 [main] INFO  testCases.TC003_LoginDataDrivenTest - clicked on MyAccount.....
23:35:39.269 [main] INFO  testCases.TC003_LoginDataDrivenTest - clicked on login.....
23:35:39.270 [main] INFO  testCases.TC003_LoginDataDrivenTest - passing login credentials.....
23:35:40.818 [main] INFO  testCases.TC003_LoginDataDrivenTest - clicked login button.....
23:35:50.947 [main] INFO  testCases.TC003_LoginDataDrivenTest - invalid credentials, user didn't login - test passed.....
23:35:50.948 [main] INFO  testCases.TC003_LoginDataDrivenTest - ***** Test TC003_LoginDataDrivenTest Completed *******
23:35:50.956 [main] INFO  testCases.TC003_LoginDataDrivenTest - ****** Test TC003_LoginDataDrivenTest Begin *****
23:35:51.166 [main] INFO  testCases.TC003_LoginDataDrivenTest - clicked on MyAccount.....
23:35:51.819 [main] INFO  testCases.TC003_LoginDataDrivenTest - clicked on login.....
23:35:51.821 [main] INFO  testCases.TC003_LoginDataDrivenTest - passing login credentials.....
23:35:51.989 [main] INFO  testCases.TC003_LoginDataDrivenTest - clicked login button.....
23:36:02.823 [main] INFO  testCases.TC003_LoginDataDrivenTest - invalid credentials, user didn't login - test passed.....
23:36:02.829 [main] INFO  testCases.TC003_LoginDataDrivenTest - ***** Test TC003_LoginDataDrivenTest Completed *******
23:36:02.839 [main] INFO  testCases.TC003_LoginDataDrivenTest - ****** Test TC003_LoginDataDrivenTest Begin *****
23:36:02.919 [main] INFO  testCases.TC003_LoginDataDrivenTest - clicked on MyAccount.....
23:36:03.414 [main] INFO  testCases.TC003_LoginDataDrivenTest - clicked on login.....
23:36:03.415 [main] INFO  testCases.TC003_LoginDataDrivenTest - passing login credentials.....
23:36:04.413 [main] INFO  testCases.TC003_LoginDataDrivenTest - clicked login button.....
23:36:14.472 [main] INFO  testCases.TC003_LoginDataDrivenTest - invalid credentials, user didn't login - test passed.....
23:36:14.473 [main] INFO  testCases.TC003_LoginDataDrivenTest - ***** Test TC003_LoginDataDrivenTest Completed *******
23:36:14.484 [main] INFO  testCases.TC003_LoginDataDrivenTest - ****** Test TC003_LoginDataDrivenTest Begin *****
23:36:14.692 [main] INFO  testCases.TC003_LoginDataDrivenTest - clicked on MyAccount.....
23:36:15.108 [main] INFO  testCases.TC003_LoginDataDrivenTest - clicked on login.....
23:36:15.109 [main] INFO  testCases.TC003_LoginDataDrivenTest - passing login credentials.....
23:36:16.371 [main] INFO  testCases.TC003_LoginDataDrivenTest - clicked login button.....
23:36:17.174 [main] INFO  testCases.TC003_LoginDataDrivenTest - user logged in - Test Passed.....
23:36:17.175 [main] INFO  testCases.TC003_LoginDataDrivenTest - ***** Test TC003_LoginDataDrivenTest Completed *******
23:39:33.476 [main] DEBUG org.testng.TestNG - suiteXmlPath: "/Users/Muqeem/E-CommerceAutomationFramework/OpenCartV121/grouping.xml"
23:39:33.810 [main] INFO  org.testng.internal.Utils - [TestNG] Running:
  /Users/Muqeem/E-CommerceAutomationFramework/OpenCartV121/grouping.xml

23:39:54.701 [main] INFO  testCases.TC001_AccountResgistrationTest - **** Starting TC001_AccountResgistrationTest *****
23:39:55.691 [main] INFO  testCases.TC001_AccountResgistrationTest - Clicked on myAccount link....
23:39:58.586 [main] INFO  testCases.TC001_AccountResgistrationTest - Clicked on Register link....
23:39:58.590 [main] INFO  testCases.TC001_AccountResgistrationTest - Providing customer details....
23:40:06.258 [main] INFO  testCases.TC001_AccountResgistrationTest - Form submitted.....
23:40:06.367 [main] INFO  testCases.TC001_AccountResgistrationTest - Received confirmation message....
23:40:06.370 [main] INFO  testCases.TC001_AccountResgistrationTest - Test case Validated.....
23:40:06.371 [main] INFO  testCases.TC001_AccountResgistrationTest - **** Ending of TC001_AccountResgistrationTest *****
23:40:22.626 [main] INFO  testCases.TC002_LoginTest - ******Test TC002_LoginTest began ******
23:40:23.802 [main] INFO  testCases.TC002_LoginTest - clicked on MyAccount.....
23:40:25.145 [main] INFO  testCases.TC002_LoginTest - clicked on login.....
23:40:25.163 [main] INFO  testCases.TC002_LoginTest - passing login credentials.....
23:40:28.536 [main] INFO  testCases.TC002_LoginTest - clicked login button.....
23:40:28.722 [main] INFO  testCases.TC002_LoginTest - Validating Test....
23:40:28.724 [main] INFO  testCases.TC002_LoginTest - Test Passed.....
23:40:28.725 [main] INFO  testCases.TC002_LoginTest - ***** Test TC002_LoginTest Completed ******* 
23:45:00.992 [main] DEBUG org.testng.TestNG - suiteXmlPath: "/Users/Muqeem/E-CommerceAutomationFramework/OpenCartV121/grouping.xml"
23:45:01.365 [main] INFO  org.testng.internal.Utils - [TestNG] Running:
  /Users/Muqeem/E-CommerceAutomationFramework/OpenCartV121/grouping.xml

23:45:16.998 [main] INFO  testCases.TC001_AccountResgistrationTest - **** Starting TC001_AccountResgistrationTest *****
23:45:18.067 [main] INFO  testCases.TC001_AccountResgistrationTest - Clicked on myAccount link....
23:45:20.775 [main] INFO  testCases.TC001_AccountResgistrationTest - Clicked on Register link....
23:45:20.792 [main] INFO  testCases.TC001_AccountResgistrationTest - Providing customer details....
23:45:25.261 [main] INFO  testCases.TC001_AccountResgistrationTest - Form submitted.....
23:45:25.340 [main] INFO  testCases.TC001_AccountResgistrationTest - Received confirmation message....
23:45:25.350 [main] INFO  testCases.TC001_AccountResgistrationTest - Test case Validated.....
23:45:25.351 [main] INFO  testCases.TC001_AccountResgistrationTest - **** Ending of TC001_AccountResgistrationTest *****
23:45:41.470 [main] INFO  testCases.TC002_LoginTest - ******Test TC002_LoginTest began ******
23:45:42.864 [main] INFO  testCases.TC002_LoginTest - clicked on MyAccount.....
23:45:43.915 [main] INFO  testCases.TC002_LoginTest - clicked on login.....
23:45:43.925 [main] INFO  testCases.TC002_LoginTest - passing login credentials.....
23:45:47.264 [main] INFO  testCases.TC002_LoginTest - clicked login button.....
23:45:47.422 [main] INFO  testCases.TC002_LoginTest - Validating Test....
23:45:47.429 [main] INFO  testCases.TC002_LoginTest - Test Passed.....
23:45:47.429 [main] INFO  testCases.TC002_LoginTest - ***** Test TC002_LoginTest Completed ******* 
23:52:46.543 [main] DEBUG org.testng.TestNG - suiteXmlPath: "/Users/Muqeem/E-CommerceAutomationFramework/OpenCartV121/grouping.xml"
23:52:46.907 [main] INFO  org.testng.internal.Utils - [TestNG] Running:
  /Users/Muqeem/E-CommerceAutomationFramework/OpenCartV121/grouping.xml

23:53:02.065 [main] INFO  testCases.TC001_AccountResgistrationTest - **** Starting TC001_AccountResgistrationTest *****
23:53:03.169 [main] INFO  testCases.TC001_AccountResgistrationTest - Clicked on myAccount link....
23:53:05.337 [main] INFO  testCases.TC001_AccountResgistrationTest - Clicked on Register link....
23:53:05.339 [main] INFO  testCases.TC001_AccountResgistrationTest - Providing customer details....
23:53:08.287 [main] INFO  testCases.TC001_AccountResgistrationTest - Form submitted.....
23:53:08.343 [main] INFO  testCases.TC001_AccountResgistrationTest - Received confirmation message....
23:53:08.347 [main] INFO  testCases.TC001_AccountResgistrationTest - Test case Validated.....
23:53:08.347 [main] INFO  testCases.TC001_AccountResgistrationTest - **** Ending of TC001_AccountResgistrationTest *****
23:53:21.385 [main] INFO  testCases.TC002_LoginTest - ******Test TC002_LoginTest began ******
23:53:22.192 [main] INFO  testCases.TC002_LoginTest - clicked on MyAccount.....
23:53:23.156 [main] INFO  testCases.TC002_LoginTest - clicked on login.....
23:53:23.162 [main] INFO  testCases.TC002_LoginTest - passing login credentials.....
23:53:25.727 [main] INFO  testCases.TC002_LoginTest - clicked login button.....
23:53:25.987 [main] INFO  testCases.TC002_LoginTest - Validating Test....
23:53:25.995 [main] INFO  testCases.TC002_LoginTest - Test Passed.....
23:53:25.995 [main] INFO  testCases.TC002_LoginTest - ***** Test TC002_LoginTest Completed ******* 
23:55:47.663 [main] DEBUG org.testng.TestNG - suiteXmlPath: "/Users/Muqeem/E-CommerceAutomationFramework/OpenCartV121/grouping.xml"
23:55:47.970 [main] INFO  org.testng.internal.Utils - [TestNG] Running:
  /Users/Muqeem/E-CommerceAutomationFramework/OpenCartV121/grouping.xml

23:56:02.841 [main] INFO  testCases.TC001_AccountResgistrationTest - **** Starting TC001_AccountResgistrationTest *****
23:56:04.023 [main] INFO  testCases.TC001_AccountResgistrationTest - Clicked on myAccount link....
23:56:06.080 [main] INFO  testCases.TC001_AccountResgistrationTest - Clicked on Register link....
23:56:06.082 [main] INFO  testCases.TC001_AccountResgistrationTest - Providing customer details....
23:56:09.131 [main] INFO  testCases.TC001_AccountResgistrationTest - Form submitted.....
23:56:09.186 [main] INFO  testCases.TC001_AccountResgistrationTest - Received confirmation message....
23:56:09.189 [main] INFO  testCases.TC001_AccountResgistrationTest - Test case Validated.....
23:56:09.189 [main] INFO  testCases.TC001_AccountResgistrationTest - **** Ending of TC001_AccountResgistrationTest *****
23:56:21.863 [main] INFO  testCases.TC002_LoginTest - ******Test TC002_LoginTest began ******
23:56:23.054 [main] INFO  testCases.TC002_LoginTest - clicked on MyAccount.....
23:56:24.130 [main] INFO  testCases.TC002_LoginTest - clicked on login.....
23:56:24.136 [main] INFO  testCases.TC002_LoginTest - passing login credentials.....
23:56:26.125 [main] INFO  testCases.TC002_LoginTest - clicked login button.....
23:56:36.240 [main] INFO  testCases.TC002_LoginTest - Test failed....
23:58:38.521 [main] DEBUG org.testng.TestNG - suiteXmlPath: "/Users/Muqeem/E-CommerceAutomationFramework/OpenCartV121/grouping.xml"
23:58:38.842 [main] INFO  org.testng.internal.Utils - [TestNG] Running:
  /Users/Muqeem/E-CommerceAutomationFramework/OpenCartV121/grouping.xml

23:58:53.621 [main] INFO  testCases.TC001_AccountResgistrationTest - **** Starting TC001_AccountResgistrationTest *****
23:58:54.298 [main] INFO  testCases.TC001_AccountResgistrationTest - Clicked on myAccount link....
23:58:56.960 [main] INFO  testCases.TC001_AccountResgistrationTest - Clicked on Register link....
23:58:56.963 [main] INFO  testCases.TC001_AccountResgistrationTest - Providing customer details....
23:59:00.174 [main] INFO  testCases.TC001_AccountResgistrationTest - Form submitted.....
23:59:00.261 [main] INFO  testCases.TC001_AccountResgistrationTest - Received confirmation message....
23:59:00.266 [main] INFO  testCases.TC001_AccountResgistrationTest - Test case Validated.....
23:59:00.266 [main] INFO  testCases.TC001_AccountResgistrationTest - **** Ending of TC001_AccountResgistrationTest *****
23:59:13.745 [main] INFO  testCases.TC002_LoginTest - ******Test TC002_LoginTest began ******
23:59:14.905 [main] INFO  testCases.TC002_LoginTest - clicked on MyAccount.....
23:59:15.974 [main] INFO  testCases.TC002_LoginTest - clicked on login.....
23:59:15.980 [main] INFO  testCases.TC002_LoginTest - passing login credentials.....
23:59:17.963 [main] INFO  testCases.TC002_LoginTest - clicked login button.....
23:59:28.110 [main] INFO  testCases.TC002_LoginTest - Test failed....
